# JRE version: OpenJDK Runtime Environment (11.0.12+7) (build 11.0.12+7-b1504.28-7817840)
# Java VM: OpenJDK 64-Bit Server VM (11.0.12+7-b1504.28-7817840, mixed mode, tiered, compressed oops, g1 gc, windows-amd64)
Heap:
 garbage-first heap   total 315392K, used 127231K [0x00000000a0000000, 0x0000000100000000)
  region size 1024K, 11 young (11264K), 11 survivors (11264K)
 Metaspace       used 104923K, capacity 108130K, committed 108408K, reserved 1142784K
  class space    used 13724K, capacity 15005K, committed 15104K, reserved 1048576K
GC Heap History (20 events):
Event: 11.793 GC heap after
{Heap after GC invocations=21 (full 0):
 garbage-first heap   total 262144K, used 115074K [0x00000000a0000000, 0x0000000100000000)
  region size 1024K, 3 young (3072K), 3 survivors (3072K)
 Metaspace       used 103975K, capacity 107236K, committed 107512K, reserved 1142784K
  class space    used 13682K, capacity 14954K, committed 14976K, reserved 1048576K
}
Event: 11.899 GC heap before
{Heap before GC invocations=21 (full 0):
 garbage-first heap   total 262144K, used 195970K [0x00000000a0000000, 0x0000000100000000)
  region size 1024K, 83 young (84992K), 3 survivors (3072K)
 Metaspace       used 104103K, capacity 107311K, committed 107512K, reserved 1142784K
  class space    used 13704K, capacity 14958K, committed 14976K, reserved 1048576K
}
Event: 11.901 GC heap after
{Heap after GC invocations=22 (full 0):
 garbage-first heap   total 262144K, used 116300K [0x00000000a0000000, 0x0000000100000000)
  region size 1024K, 4 young (4096K), 4 survivors (4096K)
 Metaspace       used 104103K, capacity 107311K, committed 107512K, reserved 1142784K
  class space    used 13704K, capacity 14958K, committed 14976K, reserved 1048576K
}
Event: 11.984 GC heap before
{Heap before GC invocations=22 (full 0):
 garbage-first heap   total 262144K, used 200268K [0x00000000a0000000, 0x0000000100000000)
  region size 1024K, 87 young (89088K), 4 survivors (4096K)
 Metaspace       used 104180K, capacity 107392K, committed 107512K, reserved 1142784K
  class space    used 13709K, capacity 14963K, committed 14976K, reserved 1048576K
}
Event: 11.987 GC heap after
{Heap after GC invocations=23 (full 0):
 garbage-first heap   total 262144K, used 116603K [0x00000000a0000000, 0x0000000100000000)
  region size 1024K, 4 young (4096K), 4 survivors (4096K)
 Metaspace       used 104180K, capacity 107392K, committed 107512K, reserved 1142784K
  class space    used 13709K, capacity 14963K, committed 14976K, reserved 1048576K
}
Event: 12.069 GC heap before
{Heap before GC invocations=23 (full 0):
 garbage-first heap   total 262144K, used 204667K [0x00000000a0000000, 0x0000000100000000)
  region size 1024K, 91 young (93184K), 4 survivors (4096K)
 Metaspace       used 104291K, capacity 107519K, committed 107640K, reserved 1142784K
  class space    used 13722K, capacity 15003K, committed 15104K, reserved 1048576K
}
Event: 12.073 GC heap after
{Heap after GC invocations=24 (full 0):
 garbage-first heap   total 262144K, used 117808K [0x00000000a0000000, 0x0000000100000000)
  region size 1024K, 5 young (5120K), 5 survivors (5120K)
 Metaspace       used 104291K, capacity 107519K, committed 107640K, reserved 1142784K
  class space    used 13722K, capacity 15003K, committed 15104K, reserved 1048576K
}
Event: 12.148 GC heap before
{Heap before GC invocations=24 (full 0):
 garbage-first heap   total 262144K, used 207920K [0x00000000a0000000, 0x0000000100000000)
  region size 1024K, 94 young (96256K), 5 survivors (5120K)
 Metaspace       used 104397K, capacity 107647K, committed 107896K, reserved 1142784K
  class space    used 13722K, capacity 15003K, committed 15104K, reserved 1048576K
}
Event: 12.152 GC heap after
{Heap after GC invocations=25 (full 0):
 garbage-first heap   total 262144K, used 119408K [0x00000000a0000000, 0x0000000100000000)
  region size 1024K, 7 young (7168K), 7 survivors (7168K)
 Metaspace       used 104397K, capacity 107647K, committed 107896K, reserved 1142784K
  class space    used 13722K, capacity 15003K, committed 15104K, reserved 1048576K
}
Event: 12.213 GC heap before
{Heap before GC invocations=25 (full 0):
 garbage-first heap   total 262144K, used 210544K [0x00000000a0000000, 0x0000000100000000)
  region size 1024K, 97 young (99328K), 7 survivors (7168K)
 Metaspace       used 104448K, capacity 107713K, committed 107896K, reserved 1142784K
  class space    used 13722K, capacity 15003K, committed 15104K, reserved 1048576K
}
Event: 12.217 GC heap after
{Heap after GC invocations=26 (full 0):
 garbage-first heap   total 262144K, used 120470K [0x00000000a0000000, 0x0000000100000000)
  region size 1024K, 8 young (8192K), 8 survivors (8192K)
 Metaspace       used 104448K, capacity 107713K, committed 107896K, reserved 1142784K
  class space    used 13722K, capacity 15003K, committed 15104K, reserved 1048576K
}
Event: 12.278 GC heap before
{Heap before GC invocations=26 (full 0):
 garbage-first heap   total 262144K, used 214678K [0x00000000a0000000, 0x0000000100000000)
  region size 1024K, 100 young (102400K), 8 survivors (8192K)
 Metaspace       used 104515K, capacity 107784K, committed 107896K, reserved 1142784K
  class space    used 13722K, capacity 15003K, committed 15104K, reserved 1048576K
}
Event: 12.282 GC heap after
{Heap after GC invocations=27 (full 0):
 garbage-first heap   total 262144K, used 120432K [0x00000000a0000000, 0x0000000100000000)
  region size 1024K, 7 young (7168K), 7 survivors (7168K)
 Metaspace       used 104515K, capacity 107784K, committed 107896K, reserved 1142784K
  class space    used 13722K, capacity 15003K, committed 15104K, reserved 1048576K
}
Event: 12.342 GC heap before
{Heap before GC invocations=27 (full 0):
 garbage-first heap   total 262144K, used 216688K [0x00000000a0000000, 0x0000000100000000)
  region size 1024K, 102 young (104448K), 7 survivors (7168K)
 Metaspace       used 104572K, capacity 107787K, committed 107896K, reserved 1142784K
  class space    used 13722K, capacity 15003K, committed 15104K, reserved 1048576K
}
Event: 12.346 GC heap after
{Heap after GC invocations=28 (full 0):
 garbage-first heap   total 262144K, used 122862K [0x00000000a0000000, 0x0000000100000000)
  region size 1024K, 9 young (9216K), 9 survivors (9216K)
 Metaspace       used 104572K, capacity 107787K, committed 107896K, reserved 1142784K
  class space    used 13722K, capacity 15003K, committed 15104K, reserved 1048576K
}
Event: 12.413 GC heap before
{Heap before GC invocations=28 (full 0):
 garbage-first heap   total 262144K, used 218094K [0x00000000a0000000, 0x0000000100000000)
  region size 1024K, 103 young (105472K), 9 survivors (9216K)
 Metaspace       used 104658K, capacity 107920K, committed 108152K, reserved 1142784K
  class space    used 13722K, capacity 15003K, committed 15104K, reserved 1048576K
}
Event: 12.417 GC heap after
{Heap after GC invocations=29 (full 0):
 garbage-first heap   total 262144K, used 121520K [0x00000000a0000000, 0x0000000100000000)
  region size 1024K, 6 young (6144K), 6 survivors (6144K)
 Metaspace       used 104658K, capacity 107920K, committed 108152K, reserved 1142784K
  class space    used 13722K, capacity 15003K, committed 15104K, reserved 1048576K
}
Event: 12.484 GC heap before
{Heap before GC invocations=29 (full 0):
 garbage-first heap   total 262144K, used 225968K [0x00000000a0000000, 0x0000000100000000)
  region size 1024K, 109 young (111616K), 6 survivors (6144K)
 Metaspace       used 104774K, capacity 107998K, committed 108152K, reserved 1142784K
  class space    used 13724K, capacity 15005K, committed 15104K, reserved 1048576K
}
Event: 12.488 GC heap after
{Heap after GC invocations=30 (full 0):
 garbage-first heap   total 262144K, used 123290K [0x00000000a0000000, 0x0000000100000000)
  region size 1024K, 8 young (8192K), 8 survivors (8192K)
 Metaspace       used 104774K, capacity 107998K, committed 108152K, reserved 1142784K
  class space    used 13724K, capacity 15005K, committed 15104K, reserved 1048576K
}
Event: 12.547 GC heap before
{Heap before GC invocations=30 (full 0):
 garbage-first heap   total 262144K, used 225690K [0x00000000a0000000, 0x0000000100000000)
  region size 1024K, 109 young (111616K), 8 survivors (8192K)
 Metaspace       used 104923K, capacity 108130K, committed 108408K, reserved 1142784K
  class space    used 13724K, capacity 15005K, committed 15104K, reserved 1048576K
}

